2015-08-29 15:37:13 [ main:875 ] - [ ERROR ] maxIdle is deprecated
2015-08-29 15:37:16 [ main:3343 ] - [ ERROR ] Context initialization failed
org.springframework.beans.factory.BeanCreationException: Error creating bean with name 'org.springframework.web.servlet.mvc.annotation.DefaultAnnotationHandlerMapping': Initialization of bean failed; nested exception is java.lang.IllegalStateException: Cannot map handler 'userController' to URL path [/index]: There is already handler of type [class com.lxp.springmvc.controller.home.HomeAction] mapped.
	at org.springframework.beans.factory.support.AbstractAutowireCapableBeanFactory.doCreateBean(AbstractAutowireCapableBeanFactory.java:529)
	at org.springframework.beans.factory.support.AbstractAutowireCapableBeanFactory.createBean(AbstractAutowireCapableBeanFactory.java:458)
	at org.springframework.beans.factory.support.AbstractAutowireCapableBeanFactory.createBean(AbstractAutowireCapableBeanFactory.java:289)
	at org.springframework.web.servlet.DispatcherServlet.createDefaultStrategy(DispatcherServlet.java:810)
	at org.springframework.web.servlet.DispatcherServlet.getDefaultStrategies(DispatcherServlet.java:779)
	at org.springframework.web.servlet.DispatcherServlet.initHandlerMappings(DispatcherServlet.java:549)
	at org.springframework.web.servlet.DispatcherServlet.initStrategies(DispatcherServlet.java:443)
	at org.springframework.web.servlet.DispatcherServlet.onRefresh(DispatcherServlet.java:432)
	at org.springframework.web.servlet.FrameworkServlet.onApplicationEvent(FrameworkServlet.java:772)
	at org.springframework.web.servlet.FrameworkServlet$ContextRefreshListener.onApplicationEvent(FrameworkServlet.java:1083)
	at org.springframework.web.servlet.FrameworkServlet$ContextRefreshListener.onApplicationEvent(FrameworkServlet.java:1080)
	at org.springframework.context.event.GenericApplicationListenerAdapter.onApplicationEvent(GenericApplicationListenerAdapter.java:51)
	at org.springframework.context.event.SourceFilteringListener.onApplicationEventInternal(SourceFilteringListener.java:96)
	at org.springframework.context.event.SourceFilteringListener.onApplicationEvent(SourceFilteringListener.java:68)
	at org.springframework.context.event.SimpleApplicationEventMulticaster.multicastEvent(SimpleApplicationEventMulticaster.java:96)
	at org.springframework.context.support.AbstractApplicationContext.publishEvent(AbstractApplicationContext.java:334)
	at org.springframework.context.support.AbstractApplicationContext.finishRefresh(AbstractApplicationContext.java:948)
	at org.springframework.context.support.AbstractApplicationContext.refresh(AbstractApplicationContext.java:482)
	at org.springframework.web.servlet.FrameworkServlet.configureAndRefreshWebApplicationContext(FrameworkServlet.java:651)
	at org.springframework.web.servlet.FrameworkServlet.createWebApplicationContext(FrameworkServlet.java:599)
	at org.springframework.web.servlet.FrameworkServlet.createWebApplicationContext(FrameworkServlet.java:665)
	at org.springframework.web.servlet.FrameworkServlet.initWebApplicationContext(FrameworkServlet.java:518)
	at org.springframework.web.servlet.FrameworkServlet.initServletBean(FrameworkServlet.java:459)
	at org.springframework.web.servlet.HttpServletBean.init(HttpServletBean.java:136)
	at javax.servlet.GenericServlet.init(GenericServlet.java:244)
	at org.eclipse.jetty.servlet.ServletHolder.initServlet(ServletHolder.java:519)
	at org.eclipse.jetty.servlet.ServletHolder.doStart(ServletHolder.java:331)
	at org.eclipse.jetty.util.component.AbstractLifeCycle.start(AbstractLifeCycle.java:64)
	at org.eclipse.jetty.servlet.ServletHandler.initialize(ServletHandler.java:747)
	at org.eclipse.jetty.servlet.ServletContextHandler.startContext(ServletContextHandler.java:265)
	at org.eclipse.jetty.webapp.WebAppContext.startContext(WebAppContext.java:1250)
	at org.eclipse.jetty.server.handler.ContextHandler.doStart(ContextHandler.java:706)
	at org.eclipse.jetty.webapp.WebAppContext.doStart(WebAppContext.java:492)
	at org.mortbay.jetty.plugin.JettyWebAppContext.doStart(JettyWebAppContext.java:293)
	at org.eclipse.jetty.util.component.AbstractLifeCycle.start(AbstractLifeCycle.java:64)
	at org.eclipse.jetty.server.handler.HandlerCollection.doStart(HandlerCollection.java:229)
	at org.eclipse.jetty.server.handler.ContextHandlerCollection.doStart(ContextHandlerCollection.java:172)
	at org.eclipse.jetty.util.component.AbstractLifeCycle.start(AbstractLifeCycle.java:64)
	at org.eclipse.jetty.server.handler.HandlerCollection.doStart(HandlerCollection.java:229)
	at org.eclipse.jetty.util.component.AbstractLifeCycle.start(AbstractLifeCycle.java:64)
	at org.eclipse.jetty.server.handler.HandlerWrapper.doStart(HandlerWrapper.java:95)
	at org.eclipse.jetty.server.Server.doStart(Server.java:277)
	at org.mortbay.jetty.plugin.JettyServer.doStart(JettyServer.java:65)
	at org.eclipse.jetty.util.component.AbstractLifeCycle.start(AbstractLifeCycle.java:64)
	at org.mortbay.jetty.plugin.AbstractJettyMojo.startJetty(AbstractJettyMojo.java:511)
	at org.mortbay.jetty.plugin.AbstractJettyMojo.execute(AbstractJettyMojo.java:364)
	at org.mortbay.jetty.plugin.JettyRunMojo.execute(JettyRunMojo.java:523)
	at org.apache.maven.plugin.DefaultBuildPluginManager.executeMojo(DefaultBuildPluginManager.java:133)
	at org.apache.maven.lifecycle.internal.MojoExecutor.execute(MojoExecutor.java:208)
	at org.apache.maven.lifecycle.internal.MojoExecutor.execute(MojoExecutor.java:153)
	at org.apache.maven.lifecycle.internal.MojoExecutor.execute(MojoExecutor.java:145)
	at org.apache.maven.lifecycle.internal.LifecycleModuleBuilder.buildProject(LifecycleModuleBuilder.java:108)
	at org.apache.maven.lifecycle.internal.LifecycleModuleBuilder.buildProject(LifecycleModuleBuilder.java:76)
	at org.apache.maven.lifecycle.internal.builder.singlethreaded.SingleThreadedBuilder.build(SingleThreadedBuilder.java:51)
	at org.apache.maven.lifecycle.internal.LifecycleStarter.execute(LifecycleStarter.java:116)
	at org.apache.maven.DefaultMaven.doExecute(DefaultMaven.java:361)
	at org.apache.maven.DefaultMaven.execute(DefaultMaven.java:155)
	at org.apache.maven.cli.MavenCli.execute(MavenCli.java:584)
	at org.apache.maven.cli.MavenCli.doMain(MavenCli.java:213)
	at org.apache.maven.cli.MavenCli.main(MavenCli.java:157)
	at sun.reflect.NativeMethodAccessorImpl.invoke0(Native Method)
	at sun.reflect.NativeMethodAccessorImpl.invoke(NativeMethodAccessorImpl.java:57)
	at sun.reflect.DelegatingMethodAccessorImpl.invoke(DelegatingMethodAccessorImpl.java:43)
	at java.lang.reflect.Method.invoke(Method.java:606)
	at org.codehaus.plexus.classworlds.launcher.Launcher.launchEnhanced(Launcher.java:289)
	at org.codehaus.plexus.classworlds.launcher.Launcher.launch(Launcher.java:229)
	at org.codehaus.plexus.classworlds.launcher.Launcher.mainWithExitCode(Launcher.java:415)
	at org.codehaus.plexus.classworlds.launcher.Launcher.main(Launcher.java:356)
Caused by: java.lang.IllegalStateException: Cannot map handler 'userController' to URL path [/index]: There is already handler of type [class com.lxp.springmvc.controller.home.HomeAction] mapped.
	at org.springframework.web.servlet.handler.AbstractUrlHandlerMapping.registerHandler(AbstractUrlHandlerMapping.java:294)
	at org.springframework.web.servlet.handler.AbstractUrlHandlerMapping.registerHandler(AbstractUrlHandlerMapping.java:266)
	at org.springframework.web.servlet.handler.AbstractDetectingUrlHandlerMapping.detectHandlers(AbstractDetectingUrlHandlerMapping.java:82)
	at org.springframework.web.servlet.handler.AbstractDetectingUrlHandlerMapping.initApplicationContext(AbstractDetectingUrlHandlerMapping.java:58)
	at org.springframework.context.support.ApplicationObjectSupport.initApplicationContext(ApplicationObjectSupport.java:119)
	at org.springframework.web.context.support.WebApplicationObjectSupport.initApplicationContext(WebApplicationObjectSupport.java:72)
	at org.springframework.context.support.ApplicationObjectSupport.setApplicationContext(ApplicationObjectSupport.java:73)
	at org.springframework.context.support.ApplicationContextAwareProcessor.invokeAwareInterfaces(ApplicationContextAwareProcessor.java:117)
	at org.springframework.context.support.ApplicationContextAwareProcessor.postProcessBeforeInitialization(ApplicationContextAwareProcessor.java:92)
	at org.springframework.beans.factory.support.AbstractAutowireCapableBeanFactory.applyBeanPostProcessorsBeforeInitialization(AbstractAutowireCapableBeanFactory.java:396)
	at org.springframework.beans.factory.support.AbstractAutowireCapableBeanFactory.initializeBean(AbstractAutowireCapableBeanFactory.java:1475)
	at org.springframework.beans.factory.support.AbstractAutowireCapableBeanFactory.doCreateBean(AbstractAutowireCapableBeanFactory.java:521)
	... 67 more
2015-08-29 15:39:17 [ main:453 ] - [ ERROR ] maxIdle is deprecated
2015-08-29 15:47:23 [ main:458 ] - [ ERROR ] maxIdle is deprecated
2015-08-29 16:00:14 [ main:475 ] - [ ERROR ] maxIdle is deprecated
2015-08-29 16:02:17 [ Scanner-0:390 ] - [ ERROR ] maxIdle is deprecated
2015-08-29 16:52:40 [ main:491 ] - [ ERROR ] maxIdle is deprecated
2015-08-29 17:35:38 [ main:456 ] - [ ERROR ] maxIdle is deprecated
2015-08-29 17:40:33 [ main:460 ] - [ ERROR ] maxIdle is deprecated
2015-08-29 17:43:58 [ Scanner-0:351 ] - [ ERROR ] maxIdle is deprecated
2015-08-29 17:47:10 [ Scanner-0:356 ] - [ ERROR ] maxIdle is deprecated
2015-08-29 17:47:45 [ Scanner-0:337 ] - [ ERROR ] maxIdle is deprecated
2015-08-29 17:48:35 [ Scanner-0:357 ] - [ ERROR ] maxIdle is deprecated
2015-08-29 17:48:45 [ Scanner-0:316 ] - [ ERROR ] maxIdle is deprecated
2015-08-29 17:49:11 [ main:467 ] - [ ERROR ] maxIdle is deprecated
2015-08-29 17:50:22 [ Scanner-0:387 ] - [ ERROR ] maxIdle is deprecated
2015-08-29 17:51:12 [ Scanner-0:390 ] - [ ERROR ] maxIdle is deprecated
2015-08-29 17:51:32 [ Scanner-0:404 ] - [ ERROR ] maxIdle is deprecated
2015-08-29 17:51:51 [ Scanner-0:336 ] - [ ERROR ] maxIdle is deprecated
2015-08-29 17:53:52 [ main:470 ] - [ ERROR ] maxIdle is deprecated
2015-08-29 18:02:38 [ main:491 ] - [ ERROR ] maxIdle is deprecated
2015-08-29 19:01:07 [ main:519 ] - [ ERROR ] maxIdle is deprecated
2015-08-29 19:04:20 [ Scanner-0:353 ] - [ ERROR ] maxIdle is deprecated
2015-08-29 19:05:31 [ Scanner-0:336 ] - [ ERROR ] maxIdle is deprecated
2015-08-29 19:07:51 [ Scanner-0:317 ] - [ ERROR ] maxIdle is deprecated
2015-08-29 19:10:39 [ main:443 ] - [ ERROR ] maxIdle is deprecated
2015-08-29 19:12:29 [ main:457 ] - [ ERROR ] maxIdle is deprecated
2015-08-29 19:22:53 [ main:434 ] - [ ERROR ] maxIdle is deprecated
2015-08-29 19:25:50 [ Scanner-0:415 ] - [ ERROR ] maxIdle is deprecated
2015-08-29 19:25:58 [ Scanner-0:413 ] - [ ERROR ] maxIdle is deprecated
2015-08-29 19:28:03 [ Scanner-0:335 ] - [ ERROR ] maxIdle is deprecated
2015-08-29 19:28:11 [ Scanner-0:399 ] - [ ERROR ] maxIdle is deprecated
2015-08-29 19:28:34 [ main:480 ] - [ ERROR ] maxIdle is deprecated
2015-08-29 19:30:19 [ Scanner-0:438 ] - [ ERROR ] maxIdle is deprecated
2015-08-29 19:31:39 [ Scanner-0:391 ] - [ ERROR ] maxIdle is deprecated
2015-08-29 19:37:17 [ Scanner-0:313 ] - [ ERROR ] maxIdle is deprecated
2015-08-29 19:38:28 [ Scanner-0:332 ] - [ ERROR ] maxIdle is deprecated
2015-08-29 19:38:39 [ Scanner-0:1421 ] - [ ERROR ] Context initialization failed
java.lang.OutOfMemoryError: PermGen space
	at java.lang.ClassLoader.defineClass1(Native Method)
	at java.lang.ClassLoader.defineClass(ClassLoader.java:792)
	at java.security.SecureClassLoader.defineClass(SecureClassLoader.java:142)
	at java.net.URLClassLoader.defineClass(URLClassLoader.java:449)
	at java.net.URLClassLoader.access$100(URLClassLoader.java:71)
	at java.net.URLClassLoader$1.run(URLClassLoader.java:361)
	at java.net.URLClassLoader$1.run(URLClassLoader.java:355)
	at java.security.AccessController.doPrivileged(Native Method)
	at java.net.URLClassLoader.findClass(URLClassLoader.java:354)
	at org.eclipse.jetty.webapp.WebAppClassLoader.loadClass(WebAppClassLoader.java:421)
	at org.eclipse.jetty.webapp.WebAppClassLoader.loadClass(WebAppClassLoader.java:383)
	at java.lang.ClassLoader.defineClass1(Native Method)
	at java.lang.ClassLoader.defineClass(ClassLoader.java:792)
	at java.security.SecureClassLoader.defineClass(SecureClassLoader.java:142)
	at java.net.URLClassLoader.defineClass(URLClassLoader.java:449)
	at java.net.URLClassLoader.access$100(URLClassLoader.java:71)
	at java.net.URLClassLoader$1.run(URLClassLoader.java:361)
	at java.net.URLClassLoader$1.run(URLClassLoader.java:355)
	at java.security.AccessController.doPrivileged(Native Method)
	at java.net.URLClassLoader.findClass(URLClassLoader.java:354)
	at org.eclipse.jetty.webapp.WebAppClassLoader.loadClass(WebAppClassLoader.java:421)
	at org.eclipse.jetty.webapp.WebAppClassLoader.loadClass(WebAppClassLoader.java:383)
	at java.lang.ClassLoader.defineClass1(Native Method)
	at java.lang.ClassLoader.defineClass(ClassLoader.java:792)
	at java.security.SecureClassLoader.defineClass(SecureClassLoader.java:142)
	at java.net.URLClassLoader.defineClass(URLClassLoader.java:449)
	at java.net.URLClassLoader.access$100(URLClassLoader.java:71)
	at java.net.URLClassLoader$1.run(URLClassLoader.java:361)
	at java.net.URLClassLoader$1.run(URLClassLoader.java:355)
	at java.security.AccessController.doPrivileged(Native Method)
	at java.net.URLClassLoader.findClass(URLClassLoader.java:354)
	at org.eclipse.jetty.webapp.WebAppClassLoader.loadClass(WebAppClassLoader.java:421)
2015-08-29 19:43:38 [ main:455 ] - [ ERROR ] maxIdle is deprecated
2015-08-29 19:46:06 [ main:446 ] - [ ERROR ] maxIdle is deprecated
2015-08-29 19:50:12 [ main:451 ] - [ ERROR ] maxIdle is deprecated
2015-08-29 19:57:18 [ main:461 ] - [ ERROR ] maxIdle is deprecated
2015-08-29 20:01:55 [ main:456 ] - [ ERROR ] maxIdle is deprecated
2015-08-29 20:04:29 [ main:462 ] - [ ERROR ] maxIdle is deprecated
2015-08-29 20:33:42 [ Scanner-0:416 ] - [ ERROR ] maxIdle is deprecated
2015-08-29 20:33:53 [ Scanner-0:327 ] - [ ERROR ] maxIdle is deprecated
2015-08-29 20:34:15 [ Scanner-0:339 ] - [ ERROR ] maxIdle is deprecated
2015-08-29 20:34:31 [ Scanner-0:347 ] - [ ERROR ] maxIdle is deprecated
